[2026-03-29 18:09:50] ==================================================
[2026-03-29 18:09:50] AMO 251-500 批量导入开始 — 共 13 批
[2026-03-29 18:09:50] ==================================================
[2026-03-29 18:09:50] 
[2026-03-29 18:09:50] --- 批次 1/13: 第251-270章 ---
[2026-03-29 19:07:34]   run_id=50610a34 | 57分钟 | E=461 Ev=52 R=304 LR=89 | errors=0 db_errors=0 | $2.55
[2026-03-29 19:07:34] 
[2026-03-29 19:07:34] --- 批次 2/13: 第271-290章 ---
[2026-03-29 19:56:02]   run_id=2237c53a | 48分钟 | E=351 Ev=46 R=224 LR=76 | errors=0 db_errors=0 | $2.30
[2026-03-29 19:56:02] 
[2026-03-29 19:56:02] --- 批次 3/13: 第291-310章 ---
[2026-03-29 20:44:45]   run_id=3969a720 | 48分钟 | E=360 Ev=49 R=283 LR=76 | errors=1 db_errors=0 | $2.38
[2026-03-29 20:44:45] 
[2026-03-29 20:44:45] --- 批次 4/13: 第311-330章 ---
[2026-03-29 21:42:10]   run_id=ae04e237 | 57分钟 | E=450 Ev=50 R=323 LR=82 | errors=0 db_errors=0 | $2.61
[2026-03-29 21:42:10] 
[2026-03-29 21:42:10] --- 批次 5/13: 第331-350章 ---
[2026-03-29 22:30:28]   run_id=abef327a | 48分钟 | E=367 Ev=48 R=263 LR=81 | errors=0 db_errors=0 | $2.33
[2026-03-29 22:30:28] 
[2026-03-29 22:30:28] --- 批次 6/13: 第351-370章 ---
[2026-03-29 23:27:00]   run_id=69c2f033 | 56分钟 | E=390 Ev=50 R=239 LR=84 | errors=0 db_errors=0 | $2.33
[2026-03-29 23:27:00] 
[2026-03-29 23:27:00] --- 批次 7/13: 第371-390章 ---
[2026-03-30 00:15:33]   run_id=0ccbd744 | 48分钟 | E=428 Ev=49 R=278 LR=87 | errors=0 db_errors=0 | $2.44
[2026-03-30 00:15:33] 
[2026-03-30 00:15:33] --- 批次 8/13: 第391-410章 ---
[2026-03-30 01:05:05]   run_id=85b395ca | 49分钟 | E=404 Ev=55 R=260 LR=93 | errors=0 db_errors=8 | $2.48
[2026-03-30 01:05:05]   ⚠️ 发现 8 个 DB error!
[2026-03-30 01:05:05] 
[2026-03-30 01:05:05] --- 批次 9/13: 第411-430章 ---
[2026-03-30 01:53:12]   run_id=e6587d9f | 48分钟 | E=369 Ev=52 R=257 LR=91 | errors=0 db_errors=0 | $2.32
[2026-03-30 01:53:12] 
[2026-03-30 01:53:12] --- 批次 10/13: 第431-450章 ---
[2026-03-30 02:46:31]   run_id=af1bfc31 | 53分钟 | E=348 Ev=46 R=233 LR=92 | errors=0 db_errors=0 | $2.40
[2026-03-30 02:46:31] 
[2026-03-30 02:46:31] --- 批次 11/13: 第451-470章 ---
[2026-03-30 03:38:05]   run_id=32bd5cf4 | 51分钟 | E=433 Ev=48 R=258 LR=83 | errors=0 db_errors=0 | $2.44
[2026-03-30 03:38:05] 
[2026-03-30 03:38:05] --- 批次 12/13: 第471-490章 ---
[2026-03-30 04:34:25]   run_id=d0dd98e7 | 56分钟 | E=454 Ev=50 R=262 LR=87 | errors=0 db_errors=0 | $2.58
[2026-03-30 04:34:25] 
[2026-03-30 04:34:25] --- 批次 13/13: 第491-500章 ---
[2026-03-30 05:01:50]   run_id=45da8d5f | 27分钟 | E=209 Ev=21 R=131 LR=40 | errors=0 db_errors=0 | $1.16
[2026-03-30 05:01:50] 
[2026-03-30 05:01:50] ==================================================
[2026-03-30 05:01:50] AMO 251-500 批量导入完成
[2026-03-30 05:01:50] ==================================================
[2026-03-30 05:01:50] 总耗时: 652 分钟 (10.9 小时)
[2026-03-30 05:01:50] 总实体: 5024
[2026-03-30 05:01:50] 总事件: 616
[2026-03-30 05:01:50] 总关系: 3315
[2026-03-30 05:01:50] 总代价规则: 1061
[2026-03-30 05:01:50] 总errors: 1
[2026-03-30 05:01:50] 总DB errors: 8
[2026-03-30 05:01:50] 总费用: $30.31
[2026-03-30 05:01:50] 
[2026-03-30 05:01:50] ⚠️ 有问题的批次:
[2026-03-30 05:01:50]   - 8:391-410:db_errors=8
[2026-03-30 05:01:50] 汇总已保存: /Users/tt/code/myproject/AMO/scripts/import/batch_251_500_summary.json
[2026-03-30 05:01:50] ==================================================
